<?xml version="1.0" encoding="UTF-8"?>
<testng-results ignored="0" total="2" passed="2" failed="0" skipped="0">
  <reporter-output>
  </reporter-output>
  <suite started-at="2025-07-12T12:40:56 IST" name="Suite" finished-at="2025-07-12T12:41:08 IST" duration-ms="11706">
    <groups>
    </groups>
    <test started-at="2025-07-12T12:40:56 IST" name="Test" finished-at="2025-07-12T12:41:08 IST" duration-ms="11706">
      <class name="pages.TestClass2">
        <test-method is-config="true" signature="setUp()[pri:0, instance:pages.TestClass2@6e171cd7]" started-at="2025-07-12T12:40:59 IST" name="setUp" finished-at="2025-07-12T12:41:02 IST" duration-ms="2516" status="PASS">
          <reporter-output>
          </reporter-output>
        </test-method> <!-- setUp -->
        <test-method signature="logintest()[pri:0, instance:pages.TestClass2@6e171cd7]" started-at="2025-07-12T12:41:02 IST" name="logintest" finished-at="2025-07-12T12:41:07 IST" duration-ms="5366" status="PASS">
          <reporter-output>
          </reporter-output>
        </test-method> <!-- logintest -->
        <test-method is-config="true" signature="teardown()[pri:0, instance:pages.TestClass2@6e171cd7]" started-at="2025-07-12T12:41:07 IST" name="teardown" finished-at="2025-07-12T12:41:08 IST" duration-ms="403" status="PASS">
          <reporter-output>
          </reporter-output>
        </test-method> <!-- teardown -->
      </class> <!-- pages.TestClass2 -->
      <class name="pages.TestClass">
        <test-method is-config="true" signature="setUp()[pri:0, instance:pages.TestClass@72057ecf]" started-at="2025-07-12T12:40:56 IST" name="setUp" finished-at="2025-07-12T12:40:59 IST" duration-ms="2996" status="PASS">
          <reporter-output>
          </reporter-output>
        </test-method> <!-- setUp -->
        <test-method signature="logintest()[pri:0, instance:pages.TestClass@72057ecf]" started-at="2025-07-12T12:41:02 IST" name="logintest" finished-at="2025-07-12T12:41:06 IST" duration-ms="4295" status="PASS">
          <reporter-output>
          </reporter-output>
        </test-method> <!-- logintest -->
        <test-method is-config="true" signature="teardown()[pri:0, instance:pages.TestClass@72057ecf]" started-at="2025-07-12T12:41:07 IST" name="teardown" finished-at="2025-07-12T12:41:07 IST" duration-ms="345" status="PASS">
          <reporter-output>
          </reporter-output>
        </test-method> <!-- teardown -->
      </class> <!-- pages.TestClass -->
    </test> <!-- Test -->
  </suite> <!-- Suite -->
</testng-results>
