<?xml version="1.0" encoding="UTF-8"?>
<testng-results ignored="0" total="1" passed="1" failed="0" skipped="0">
  <reporter-output>
  </reporter-output>
  <suite started-at="2025-08-03T12:31:54 IST" name="Default suite" finished-at="2025-08-03T12:32:12 IST" duration-ms="17849">
    <groups>
    </groups>
    <test started-at="2025-08-03T12:31:54 IST" name="Default test" finished-at="2025-08-03T12:32:12 IST" duration-ms="17849">
      <class name="base.RunnerClass">
        <test-method signature="test()[pri:0, instance:base.RunnerClass@3427b02d]" started-at="2025-08-03T12:31:54 IST" name="test" finished-at="2025-08-03T12:32:11 IST" duration-ms="17768" status="PASS">
          <reporter-output>
          </reporter-output>
        </test-method> <!-- test -->
      </class> <!-- base.RunnerClass -->
    </test> <!-- Default test -->
  </suite> <!-- Default suite -->
</testng-results>
